[debug] [2022-05-21T15:19:54.616Z] ----------------------------------------------------------------------
[debug] [2022-05-21T15:19:54.617Z] Command:       C:\Program Files\nodejs\node.exe C:\Users\kkasu\AppData\Roaming\npm\node_modules\firebase-tools\lib\bin\firebase.js init
[debug] [2022-05-21T15:19:54.618Z] CLI Version:   11.0.0
[debug] [2022-05-21T15:19:54.618Z] Platform:      win32
[debug] [2022-05-21T15:19:54.618Z] Node Version:  v16.13.2
[debug] [2022-05-21T15:19:54.619Z] Time:          Sun May 22 2022 00:19:54 GMT+0900 (대한민국 표준시)
[debug] [2022-05-21T15:19:54.620Z] ----------------------------------------------------------------------
[debug] 
[debug] [2022-05-21T15:19:54.678Z] > command requires scopes: ["email","openid","https://www.googleapis.com/auth/cloudplatformprojects.readonly","https://www.googleapis.com/auth/firebase","https://www.googleapis.com/auth/cloud-platform"]
[debug] [2022-05-21T15:19:54.678Z] > authorizing via signed-in user (kkasu1992@gmail.com)
[info] 
     ######## #### ########  ######## ########     ###     ######  ########
     ##        ##  ##     ## ##       ##     ##  ##   ##  ##       ##
     ######    ##  ########  ######   ########  #########  ######  ######
     ##        ##  ##    ##  ##       ##     ## ##     ##       ## ##
     ##       #### ##     ## ######## ########  ##     ##  ######  ########

You're about to initialize a Firebase project in this directory:

  C:\Users\kkasu\Desktop\sparta-react\report-first

Before we get started, keep in mind:

  * You are initializing within an existing Firebase project directory

